[0.240s] DEBUG:colcon:Command line arguments: ['/usr/bin/colcon', 'build', '--symlink-install']
[0.240s] DEBUG:colcon:Parsed command line arguments: Namespace(log_base=None, log_level=None, verb_name='build', build_base='build', install_base='install', merge_install=False, symlink_install=True, test_result_base=None, continue_on_error=False, executor='parallel', parallel_workers=20, event_handlers=None, ignore_user_meta=False, metas=['./colcon.meta'], base_paths=['.'], packages_ignore=None, packages_ignore_regex=None, paths=None, packages_up_to=None, packages_up_to_regex=None, packages_above=None, packages_above_and_dependencies=None, packages_above_depth=None, packages_select_by_dep=None, packages_skip_by_dep=None, packages_skip_up_to=None, packages_select_build_failed=False, packages_skip_build_finished=False, packages_select_test_failures=False, packages_skip_test_passed=False, packages_select=None, packages_skip=None, packages_select_regex=None, packages_skip_regex=None, packages_start=None, packages_end=None, allow_overriding=[], cmake_args=None, cmake_target=None, cmake_target_skip_unavailable=False, cmake_clean_cache=False, cmake_clean_first=False, cmake_force_configure=False, ament_cmake_args=None, catkin_cmake_args=None, catkin_skip_building_tests=False, mixin_files=None, mixin=None, verb_parser=<colcon_mixin.mixin.mixin_argument.MixinArgumentDecorator object at 0x7c086bc6c4c0>, verb_extension=<colcon_core.verb.build.BuildVerb object at 0x7c086bc37820>, main=<bound method BuildVerb.main of <colcon_core.verb.build.BuildVerb object at 0x7c086bc37820>>, mixin_verb=('build',))
[0.435s] Level 1:colcon.colcon_core.package_discovery:discover_packages(colcon_meta) check parameters
[0.435s] Level 1:colcon.colcon_core.package_discovery:discover_packages(recursive) check parameters
[0.435s] Level 1:colcon.colcon_core.package_discovery:discover_packages(ignore) check parameters
[0.435s] Level 1:colcon.colcon_core.package_discovery:discover_packages(path) check parameters
[0.435s] Level 1:colcon.colcon_core.package_discovery:discover_packages(colcon_meta) discover
[0.435s] Level 1:colcon.colcon_core.package_discovery:discover_packages(recursive) discover
[0.435s] INFO:colcon.colcon_core.package_discovery:Crawling recursively for packages in '/home/xander/dev/ros2-demo/cpp_wkspc'
[0.435s] Level 1:colcon.colcon_core.package_identification:_identify(.) by extensions ['ignore', 'ignore_ament_install']
[0.435s] Level 1:colcon.colcon_core.package_identification:_identify(.) by extension 'ignore'
[0.435s] Level 1:colcon.colcon_core.package_identification:_identify(.) by extension 'ignore_ament_install'
[0.436s] Level 1:colcon.colcon_core.package_identification:_identify(.) by extensions ['colcon_pkg']
[0.436s] Level 1:colcon.colcon_core.package_identification:_identify(.) by extension 'colcon_pkg'
[0.436s] Level 1:colcon.colcon_core.package_identification:_identify(.) by extensions ['colcon_meta']
[0.436s] Level 1:colcon.colcon_core.package_identification:_identify(.) by extension 'colcon_meta'
[0.436s] Level 1:colcon.colcon_core.package_identification:_identify(.) by extensions ['ros']
[0.436s] Level 1:colcon.colcon_core.package_identification:_identify(.) by extension 'ros'
[0.446s] DEBUG:colcon.colcon_core.package_identification:Package '.' with type 'ros.ament_cmake' and name 'cpp_wkspc'
[0.446s] Level 1:colcon.colcon_core.package_discovery:discover_packages(recursive) using defaults
[0.447s] Level 1:colcon.colcon_core.package_discovery:discover_packages(ignore) discover
[0.447s] Level 1:colcon.colcon_core.package_discovery:discover_packages(ignore) using defaults
[0.447s] Level 1:colcon.colcon_core.package_discovery:discover_packages(path) discover
[0.447s] Level 1:colcon.colcon_core.package_discovery:discover_packages(path) using defaults
[0.468s] Level 1:colcon.colcon_core.package_discovery:discover_packages(prefix_path) check parameters
[0.468s] Level 1:colcon.colcon_core.package_discovery:discover_packages(prefix_path) discover
[0.470s] DEBUG:colcon.colcon_installed_package_information.package_discovery:Found 1 installed packages in /home/xander/dev/ros2-demo/cpp_wkspc/install
[0.471s] DEBUG:colcon.colcon_installed_package_information.package_discovery:Found 281 installed packages in /opt/ros/iron
[0.472s] Level 1:colcon.colcon_core.package_discovery:discover_packages(prefix_path) using defaults
[0.521s] Level 5:colcon.colcon_core.verb:set package 'cpp_wkspc' build argument 'cmake_args' from command line to 'None'
[0.521s] Level 5:colcon.colcon_core.verb:set package 'cpp_wkspc' build argument 'cmake_target' from command line to 'None'
[0.521s] Level 5:colcon.colcon_core.verb:set package 'cpp_wkspc' build argument 'cmake_target_skip_unavailable' from command line to 'False'
[0.521s] Level 5:colcon.colcon_core.verb:set package 'cpp_wkspc' build argument 'cmake_clean_cache' from command line to 'False'
[0.521s] Level 5:colcon.colcon_core.verb:set package 'cpp_wkspc' build argument 'cmake_clean_first' from command line to 'False'
[0.521s] Level 5:colcon.colcon_core.verb:set package 'cpp_wkspc' build argument 'cmake_force_configure' from command line to 'False'
[0.521s] Level 5:colcon.colcon_core.verb:set package 'cpp_wkspc' build argument 'ament_cmake_args' from command line to 'None'
[0.521s] Level 5:colcon.colcon_core.verb:set package 'cpp_wkspc' build argument 'catkin_cmake_args' from command line to 'None'
[0.521s] Level 5:colcon.colcon_core.verb:set package 'cpp_wkspc' build argument 'catkin_skip_building_tests' from command line to 'False'
[0.521s] DEBUG:colcon.colcon_core.verb:Building package 'cpp_wkspc' with the following arguments: {'ament_cmake_args': None, 'build_base': '/home/xander/dev/ros2-demo/cpp_wkspc/build/cpp_wkspc', 'catkin_cmake_args': None, 'catkin_skip_building_tests': False, 'cmake_args': None, 'cmake_clean_cache': False, 'cmake_clean_first': False, 'cmake_force_configure': False, 'cmake_target': None, 'cmake_target_skip_unavailable': False, 'install_base': '/home/xander/dev/ros2-demo/cpp_wkspc/install/cpp_wkspc', 'merge_install': False, 'path': '/home/xander/dev/ros2-demo/cpp_wkspc', 'symlink_install': True, 'test_result_base': None}
[0.521s] INFO:colcon.colcon_core.executor:Executing jobs using 'parallel' executor
[0.522s] DEBUG:colcon.colcon_parallel_executor.executor.parallel:run_until_complete
[0.522s] INFO:colcon.colcon_ros.task.ament_cmake.build:Building ROS package in '/home/xander/dev/ros2-demo/cpp_wkspc' with build type 'ament_cmake'
[0.522s] INFO:colcon.colcon_cmake.task.cmake.build:Building CMake package in '/home/xander/dev/ros2-demo/cpp_wkspc'
[0.526s] INFO:colcon.colcon_core.plugin_system:Skipping extension 'colcon_core.shell.bat': Not used on non-Windows systems
[0.526s] INFO:colcon.colcon_core.shell:Skip shell extension 'powershell' for command environment: Not usable outside of PowerShell
[0.526s] DEBUG:colcon.colcon_core.shell:Skip shell extension 'dsv' for command environment
[0.531s] DEBUG:colcon.colcon_core.event_handler.log_command:Invoking command in '/home/xander/dev/ros2-demo/cpp_wkspc/build/cpp_wkspc': CMAKE_PREFIX_PATH=/opt/ros/iron /usr/bin/cmake /home/xander/dev/ros2-demo/cpp_wkspc -DAMENT_CMAKE_SYMLINK_INSTALL=1 -DCMAKE_INSTALL_PREFIX=/home/xander/dev/ros2-demo/cpp_wkspc/install/cpp_wkspc
[8.960s] DEBUG:colcon.colcon_core.event_handler.log_command:Invoked command in '/home/xander/dev/ros2-demo/cpp_wkspc/build/cpp_wkspc' returned '0': CMAKE_PREFIX_PATH=/opt/ros/iron /usr/bin/cmake /home/xander/dev/ros2-demo/cpp_wkspc -DAMENT_CMAKE_SYMLINK_INSTALL=1 -DCMAKE_INSTALL_PREFIX=/home/xander/dev/ros2-demo/cpp_wkspc/install/cpp_wkspc
[8.962s] DEBUG:colcon.colcon_core.event_handler.log_command:Invoking command in '/home/xander/dev/ros2-demo/cpp_wkspc/build/cpp_wkspc': CMAKE_PREFIX_PATH=/opt/ros/iron /usr/bin/cmake --build /home/xander/dev/ros2-demo/cpp_wkspc/build/cpp_wkspc -- -j20 -l20
[14.897s] DEBUG:colcon.colcon_core.event_handler.log_command:Invoked command in '/home/xander/dev/ros2-demo/cpp_wkspc/build/cpp_wkspc' returned '0': CMAKE_PREFIX_PATH=/opt/ros/iron /usr/bin/cmake --build /home/xander/dev/ros2-demo/cpp_wkspc/build/cpp_wkspc -- -j20 -l20
[14.903s] DEBUG:colcon.colcon_core.event_handler.log_command:Invoking command in '/home/xander/dev/ros2-demo/cpp_wkspc/build/cpp_wkspc': CMAKE_PREFIX_PATH=/opt/ros/iron /usr/bin/cmake --install /home/xander/dev/ros2-demo/cpp_wkspc/build/cpp_wkspc
[14.982s] Level 1:colcon.colcon_core.environment:create_environment_scripts_only(cpp_wkspc)
[14.983s] DEBUG:colcon.colcon_core.event_handler.log_command:Invoked command in '/home/xander/dev/ros2-demo/cpp_wkspc/build/cpp_wkspc' returned '0': CMAKE_PREFIX_PATH=/opt/ros/iron /usr/bin/cmake --install /home/xander/dev/ros2-demo/cpp_wkspc/build/cpp_wkspc
[14.987s] Level 1:colcon.colcon_core.environment:checking '/home/xander/dev/ros2-demo/cpp_wkspc/install/cpp_wkspc' for CMake module files
[14.987s] Level 1:colcon.colcon_core.environment:checking '/home/xander/dev/ros2-demo/cpp_wkspc/install/cpp_wkspc' for CMake config files
[14.987s] Level 1:colcon.colcon_core.shell:create_environment_hook('cpp_wkspc', 'cmake_prefix_path')
[14.987s] INFO:colcon.colcon_core.shell:Creating environment hook '/home/xander/dev/ros2-demo/cpp_wkspc/install/cpp_wkspc/share/cpp_wkspc/hook/cmake_prefix_path.ps1'
[14.988s] INFO:colcon.colcon_core.shell:Creating environment descriptor '/home/xander/dev/ros2-demo/cpp_wkspc/install/cpp_wkspc/share/cpp_wkspc/hook/cmake_prefix_path.dsv'
[14.989s] INFO:colcon.colcon_core.shell:Creating environment hook '/home/xander/dev/ros2-demo/cpp_wkspc/install/cpp_wkspc/share/cpp_wkspc/hook/cmake_prefix_path.sh'
[14.989s] Level 1:colcon.colcon_core.environment:checking '/home/xander/dev/ros2-demo/cpp_wkspc/install/cpp_wkspc/lib'
[14.989s] Level 1:colcon.colcon_core.environment:checking '/home/xander/dev/ros2-demo/cpp_wkspc/install/cpp_wkspc/bin'
[14.989s] Level 1:colcon.colcon_core.environment:checking '/home/xander/dev/ros2-demo/cpp_wkspc/install/cpp_wkspc/lib/pkgconfig/cpp_wkspc.pc'
[14.990s] Level 1:colcon.colcon_core.environment:checking '/home/xander/dev/ros2-demo/cpp_wkspc/install/cpp_wkspc/lib/python3.10/site-packages'
[14.990s] Level 1:colcon.colcon_core.environment:checking '/home/xander/dev/ros2-demo/cpp_wkspc/install/cpp_wkspc/bin'
[14.990s] INFO:colcon.colcon_core.shell:Creating package script '/home/xander/dev/ros2-demo/cpp_wkspc/install/cpp_wkspc/share/cpp_wkspc/package.ps1'
[14.991s] INFO:colcon.colcon_core.shell:Creating package descriptor '/home/xander/dev/ros2-demo/cpp_wkspc/install/cpp_wkspc/share/cpp_wkspc/package.dsv'
[14.991s] INFO:colcon.colcon_core.shell:Creating package script '/home/xander/dev/ros2-demo/cpp_wkspc/install/cpp_wkspc/share/cpp_wkspc/package.sh'
[14.992s] INFO:colcon.colcon_core.shell:Creating package script '/home/xander/dev/ros2-demo/cpp_wkspc/install/cpp_wkspc/share/cpp_wkspc/package.bash'
[14.992s] INFO:colcon.colcon_core.shell:Creating package script '/home/xander/dev/ros2-demo/cpp_wkspc/install/cpp_wkspc/share/cpp_wkspc/package.zsh'
[14.993s] Level 1:colcon.colcon_core.environment:create_file_with_runtime_dependencies(/home/xander/dev/ros2-demo/cpp_wkspc/install/cpp_wkspc/share/colcon-core/packages/cpp_wkspc)
[14.993s] Level 1:colcon.colcon_core.environment:create_environment_scripts_only(cpp_wkspc)
[14.993s] Level 1:colcon.colcon_core.environment:checking '/home/xander/dev/ros2-demo/cpp_wkspc/install/cpp_wkspc' for CMake module files
[14.994s] Level 1:colcon.colcon_core.environment:checking '/home/xander/dev/ros2-demo/cpp_wkspc/install/cpp_wkspc' for CMake config files
[14.994s] Level 1:colcon.colcon_core.shell:create_environment_hook('cpp_wkspc', 'cmake_prefix_path')
[14.994s] INFO:colcon.colcon_core.shell:Creating environment hook '/home/xander/dev/ros2-demo/cpp_wkspc/install/cpp_wkspc/share/cpp_wkspc/hook/cmake_prefix_path.ps1'
[14.994s] INFO:colcon.colcon_core.shell:Creating environment descriptor '/home/xander/dev/ros2-demo/cpp_wkspc/install/cpp_wkspc/share/cpp_wkspc/hook/cmake_prefix_path.dsv'
[14.995s] INFO:colcon.colcon_core.shell:Creating environment hook '/home/xander/dev/ros2-demo/cpp_wkspc/install/cpp_wkspc/share/cpp_wkspc/hook/cmake_prefix_path.sh'
[14.995s] Level 1:colcon.colcon_core.environment:checking '/home/xander/dev/ros2-demo/cpp_wkspc/install/cpp_wkspc/lib'
[14.995s] Level 1:colcon.colcon_core.environment:checking '/home/xander/dev/ros2-demo/cpp_wkspc/install/cpp_wkspc/bin'
[14.995s] Level 1:colcon.colcon_core.environment:checking '/home/xander/dev/ros2-demo/cpp_wkspc/install/cpp_wkspc/lib/pkgconfig/cpp_wkspc.pc'
[14.995s] Level 1:colcon.colcon_core.environment:checking '/home/xander/dev/ros2-demo/cpp_wkspc/install/cpp_wkspc/lib/python3.10/site-packages'
[14.995s] Level 1:colcon.colcon_core.environment:checking '/home/xander/dev/ros2-demo/cpp_wkspc/install/cpp_wkspc/bin'
[14.995s] INFO:colcon.colcon_core.shell:Creating package script '/home/xander/dev/ros2-demo/cpp_wkspc/install/cpp_wkspc/share/cpp_wkspc/package.ps1'
[14.996s] INFO:colcon.colcon_core.shell:Creating package descriptor '/home/xander/dev/ros2-demo/cpp_wkspc/install/cpp_wkspc/share/cpp_wkspc/package.dsv'
[14.996s] INFO:colcon.colcon_core.shell:Creating package script '/home/xander/dev/ros2-demo/cpp_wkspc/install/cpp_wkspc/share/cpp_wkspc/package.sh'
[14.996s] INFO:colcon.colcon_core.shell:Creating package script '/home/xander/dev/ros2-demo/cpp_wkspc/install/cpp_wkspc/share/cpp_wkspc/package.bash'
[14.996s] INFO:colcon.colcon_core.shell:Creating package script '/home/xander/dev/ros2-demo/cpp_wkspc/install/cpp_wkspc/share/cpp_wkspc/package.zsh'
[14.997s] Level 1:colcon.colcon_core.environment:create_file_with_runtime_dependencies(/home/xander/dev/ros2-demo/cpp_wkspc/install/cpp_wkspc/share/colcon-core/packages/cpp_wkspc)
[14.997s] DEBUG:colcon.colcon_parallel_executor.executor.parallel:closing loop
[14.997s] DEBUG:colcon.colcon_parallel_executor.executor.parallel:loop closed
[14.997s] DEBUG:colcon.colcon_parallel_executor.executor.parallel:run_until_complete finished with '0'
[14.998s] DEBUG:colcon.colcon_core.event_reactor:joining thread
[15.044s] INFO:colcon.colcon_core.plugin_system:Skipping extension 'colcon_notification.desktop_notification.notify_send': Could not find 'notify-send'
[15.044s] INFO:colcon.colcon_core.plugin_system:Skipping extension 'colcon_notification.desktop_notification.terminal_notifier': Not used on non-Darwin systems
[15.044s] INFO:colcon.colcon_core.plugin_system:Skipping extension 'colcon_notification.desktop_notification.win32': Not used on non-Windows systems
[15.044s] INFO:colcon.colcon_notification.desktop_notification:Sending desktop notification using 'notify2'
[15.045s] DEBUG:colcon.colcon_notification.desktop_notification.notify2:Failed to initialize notify2: org.freedesktop.DBus.Error.ServiceUnknown: The name org.freedesktop.Notifications was not provided by any .service files
[15.045s] DEBUG:colcon.colcon_core.event_reactor:joined thread
[15.045s] INFO:colcon.colcon_core.shell:Creating prefix script '/home/xander/dev/ros2-demo/cpp_wkspc/install/local_setup.ps1'
[15.046s] INFO:colcon.colcon_core.shell:Creating prefix util module '/home/xander/dev/ros2-demo/cpp_wkspc/install/_local_setup_util_ps1.py'
[15.047s] INFO:colcon.colcon_core.shell:Creating prefix chain script '/home/xander/dev/ros2-demo/cpp_wkspc/install/setup.ps1'
[15.047s] INFO:colcon.colcon_core.shell:Creating prefix script '/home/xander/dev/ros2-demo/cpp_wkspc/install/local_setup.sh'
[15.048s] INFO:colcon.colcon_core.shell:Creating prefix util module '/home/xander/dev/ros2-demo/cpp_wkspc/install/_local_setup_util_sh.py'
[15.048s] INFO:colcon.colcon_core.shell:Creating prefix chain script '/home/xander/dev/ros2-demo/cpp_wkspc/install/setup.sh'
[15.049s] INFO:colcon.colcon_core.shell:Creating prefix script '/home/xander/dev/ros2-demo/cpp_wkspc/install/local_setup.bash'
[15.049s] INFO:colcon.colcon_core.shell:Creating prefix chain script '/home/xander/dev/ros2-demo/cpp_wkspc/install/setup.bash'
[15.050s] INFO:colcon.colcon_core.shell:Creating prefix script '/home/xander/dev/ros2-demo/cpp_wkspc/install/local_setup.zsh'
[15.050s] INFO:colcon.colcon_core.shell:Creating prefix chain script '/home/xander/dev/ros2-demo/cpp_wkspc/install/setup.zsh'
