[0.203s] DEBUG:colcon:Command line arguments: ['/usr/bin/colcon', 'build', '--symlink-install']
[0.203s] DEBUG:colcon:Parsed command line arguments: Namespace(log_base=None, log_level=None, verb_name='build', build_base='build', install_base='install', merge_install=False, symlink_install=True, test_result_base=None, continue_on_error=False, executor='parallel', parallel_workers=20, event_handlers=None, ignore_user_meta=False, metas=['./colcon.meta'], base_paths=['.'], packages_ignore=None, packages_ignore_regex=None, paths=None, packages_up_to=None, packages_up_to_regex=None, packages_above=None, packages_above_and_dependencies=None, packages_above_depth=None, packages_select_by_dep=None, packages_skip_by_dep=None, packages_skip_up_to=None, packages_select_build_failed=False, packages_skip_build_finished=False, packages_select_test_failures=False, packages_skip_test_passed=False, packages_select=None, packages_skip=None, packages_select_regex=None, packages_skip_regex=None, packages_start=None, packages_end=None, allow_overriding=[], cmake_args=None, cmake_target=None, cmake_target_skip_unavailable=False, cmake_clean_cache=False, cmake_clean_first=False, cmake_force_configure=False, ament_cmake_args=None, catkin_cmake_args=None, catkin_skip_building_tests=False, mixin_files=None, mixin=None, verb_parser=<colcon_mixin.mixin.mixin_argument.MixinArgumentDecorator object at 0x7f422be604c0>, verb_extension=<colcon_core.verb.build.BuildVerb object at 0x7f422be2f820>, main=<bound method BuildVerb.main of <colcon_core.verb.build.BuildVerb object at 0x7f422be2f820>>, mixin_verb=('build',))
[0.352s] Level 1:colcon.colcon_core.package_discovery:discover_packages(colcon_meta) check parameters
[0.352s] Level 1:colcon.colcon_core.package_discovery:discover_packages(recursive) check parameters
[0.352s] Level 1:colcon.colcon_core.package_discovery:discover_packages(ignore) check parameters
[0.352s] Level 1:colcon.colcon_core.package_discovery:discover_packages(path) check parameters
[0.352s] Level 1:colcon.colcon_core.package_discovery:discover_packages(colcon_meta) discover
[0.352s] Level 1:colcon.colcon_core.package_discovery:discover_packages(recursive) discover
[0.352s] INFO:colcon.colcon_core.package_discovery:Crawling recursively for packages in '/home/xander/dev/ros2-demo/cpp_wkspc'
[0.352s] Level 1:colcon.colcon_core.package_identification:_identify(.) by extensions ['ignore', 'ignore_ament_install']
[0.352s] Level 1:colcon.colcon_core.package_identification:_identify(.) by extension 'ignore'
[0.352s] Level 1:colcon.colcon_core.package_identification:_identify(.) by extension 'ignore_ament_install'
[0.352s] Level 1:colcon.colcon_core.package_identification:_identify(.) by extensions ['colcon_pkg']
[0.352s] Level 1:colcon.colcon_core.package_identification:_identify(.) by extension 'colcon_pkg'
[0.352s] Level 1:colcon.colcon_core.package_identification:_identify(.) by extensions ['colcon_meta']
[0.352s] Level 1:colcon.colcon_core.package_identification:_identify(.) by extension 'colcon_meta'
[0.352s] Level 1:colcon.colcon_core.package_identification:_identify(.) by extensions ['ros']
[0.352s] Level 1:colcon.colcon_core.package_identification:_identify(.) by extension 'ros'
[0.361s] DEBUG:colcon.colcon_core.package_identification:Package '.' with type 'ros.ament_cmake' and name 'cpp_wkspc'
[0.361s] Level 1:colcon.colcon_core.package_discovery:discover_packages(recursive) using defaults
[0.361s] Level 1:colcon.colcon_core.package_discovery:discover_packages(ignore) discover
[0.361s] Level 1:colcon.colcon_core.package_discovery:discover_packages(ignore) using defaults
[0.361s] Level 1:colcon.colcon_core.package_discovery:discover_packages(path) discover
[0.361s] Level 1:colcon.colcon_core.package_discovery:discover_packages(path) using defaults
[0.382s] Level 1:colcon.colcon_core.package_discovery:discover_packages(prefix_path) check parameters
[0.382s] Level 1:colcon.colcon_core.package_discovery:discover_packages(prefix_path) discover
[0.384s] DEBUG:colcon.colcon_installed_package_information.package_discovery:Found 281 installed packages in /opt/ros/iron
[0.385s] Level 1:colcon.colcon_core.package_discovery:discover_packages(prefix_path) using defaults
[0.404s] Level 5:colcon.colcon_core.verb:set package 'cpp_wkspc' build argument 'cmake_args' from command line to 'None'
[0.404s] Level 5:colcon.colcon_core.verb:set package 'cpp_wkspc' build argument 'cmake_target' from command line to 'None'
[0.404s] Level 5:colcon.colcon_core.verb:set package 'cpp_wkspc' build argument 'cmake_target_skip_unavailable' from command line to 'False'
[0.404s] Level 5:colcon.colcon_core.verb:set package 'cpp_wkspc' build argument 'cmake_clean_cache' from command line to 'False'
[0.404s] Level 5:colcon.colcon_core.verb:set package 'cpp_wkspc' build argument 'cmake_clean_first' from command line to 'False'
[0.404s] Level 5:colcon.colcon_core.verb:set package 'cpp_wkspc' build argument 'cmake_force_configure' from command line to 'False'
[0.404s] Level 5:colcon.colcon_core.verb:set package 'cpp_wkspc' build argument 'ament_cmake_args' from command line to 'None'
[0.404s] Level 5:colcon.colcon_core.verb:set package 'cpp_wkspc' build argument 'catkin_cmake_args' from command line to 'None'
[0.404s] Level 5:colcon.colcon_core.verb:set package 'cpp_wkspc' build argument 'catkin_skip_building_tests' from command line to 'False'
[0.404s] DEBUG:colcon.colcon_core.verb:Building package 'cpp_wkspc' with the following arguments: {'ament_cmake_args': None, 'build_base': '/home/xander/dev/ros2-demo/cpp_wkspc/build/cpp_wkspc', 'catkin_cmake_args': None, 'catkin_skip_building_tests': False, 'cmake_args': None, 'cmake_clean_cache': False, 'cmake_clean_first': False, 'cmake_force_configure': False, 'cmake_target': None, 'cmake_target_skip_unavailable': False, 'install_base': '/home/xander/dev/ros2-demo/cpp_wkspc/install/cpp_wkspc', 'merge_install': False, 'path': '/home/xander/dev/ros2-demo/cpp_wkspc', 'symlink_install': True, 'test_result_base': None}
[0.404s] INFO:colcon.colcon_core.executor:Executing jobs using 'parallel' executor
[0.405s] DEBUG:colcon.colcon_parallel_executor.executor.parallel:run_until_complete
[0.405s] INFO:colcon.colcon_ros.task.ament_cmake.build:Building ROS package in '/home/xander/dev/ros2-demo/cpp_wkspc' with build type 'ament_cmake'
[0.405s] INFO:colcon.colcon_cmake.task.cmake.build:Building CMake package in '/home/xander/dev/ros2-demo/cpp_wkspc'
[0.408s] INFO:colcon.colcon_core.plugin_system:Skipping extension 'colcon_core.shell.bat': Not used on non-Windows systems
[0.408s] INFO:colcon.colcon_core.shell:Skip shell extension 'powershell' for command environment: Not usable outside of PowerShell
[0.408s] DEBUG:colcon.colcon_core.shell:Skip shell extension 'dsv' for command environment
[0.413s] DEBUG:colcon.colcon_core.event_handler.log_command:Invoking command in '/home/xander/dev/ros2-demo/cpp_wkspc/build/cpp_wkspc': CMAKE_PREFIX_PATH=/opt/ros/iron /usr/bin/cmake /home/xander/dev/ros2-demo/cpp_wkspc -DAMENT_CMAKE_SYMLINK_INSTALL=1 -DCMAKE_INSTALL_PREFIX=/home/xander/dev/ros2-demo/cpp_wkspc/install/cpp_wkspc
[11.830s] DEBUG:colcon.colcon_core.event_handler.log_command:Invoked command in '/home/xander/dev/ros2-demo/cpp_wkspc/build/cpp_wkspc' returned '1': CMAKE_PREFIX_PATH=/opt/ros/iron /usr/bin/cmake /home/xander/dev/ros2-demo/cpp_wkspc -DAMENT_CMAKE_SYMLINK_INSTALL=1 -DCMAKE_INSTALL_PREFIX=/home/xander/dev/ros2-demo/cpp_wkspc/install/cpp_wkspc
[11.837s] Level 1:colcon.colcon_core.environment:create_environment_scripts_only(cpp_wkspc)
[11.841s] Level 1:colcon.colcon_core.environment:checking '/home/xander/dev/ros2-demo/cpp_wkspc/install/cpp_wkspc' for CMake module files
[11.841s] Level 1:colcon.colcon_core.environment:checking '/home/xander/dev/ros2-demo/cpp_wkspc/install/cpp_wkspc' for CMake config files
[11.841s] Level 1:colcon.colcon_core.environment:checking '/home/xander/dev/ros2-demo/cpp_wkspc/install/cpp_wkspc/bin'
[11.841s] Level 1:colcon.colcon_core.environment:checking '/home/xander/dev/ros2-demo/cpp_wkspc/install/cpp_wkspc/lib/pkgconfig/cpp_wkspc.pc'
[11.841s] Level 1:colcon.colcon_core.environment:checking '/home/xander/dev/ros2-demo/cpp_wkspc/install/cpp_wkspc/lib/python3.10/site-packages'
[11.841s] Level 1:colcon.colcon_core.environment:checking '/home/xander/dev/ros2-demo/cpp_wkspc/install/cpp_wkspc/bin'
[11.842s] INFO:colcon.colcon_core.shell:Creating package script '/home/xander/dev/ros2-demo/cpp_wkspc/install/cpp_wkspc/share/cpp_wkspc/package.ps1'
[11.843s] INFO:colcon.colcon_core.shell:Creating package descriptor '/home/xander/dev/ros2-demo/cpp_wkspc/install/cpp_wkspc/share/cpp_wkspc/package.dsv'
[11.843s] INFO:colcon.colcon_core.shell:Creating package script '/home/xander/dev/ros2-demo/cpp_wkspc/install/cpp_wkspc/share/cpp_wkspc/package.sh'
[11.844s] INFO:colcon.colcon_core.shell:Creating package script '/home/xander/dev/ros2-demo/cpp_wkspc/install/cpp_wkspc/share/cpp_wkspc/package.bash'
[11.844s] INFO:colcon.colcon_core.shell:Creating package script '/home/xander/dev/ros2-demo/cpp_wkspc/install/cpp_wkspc/share/cpp_wkspc/package.zsh'
[11.845s] Level 1:colcon.colcon_core.environment:create_file_with_runtime_dependencies(/home/xander/dev/ros2-demo/cpp_wkspc/install/cpp_wkspc/share/colcon-core/packages/cpp_wkspc)
[11.855s] DEBUG:colcon.colcon_parallel_executor.executor.parallel:closing loop
[11.856s] DEBUG:colcon.colcon_parallel_executor.executor.parallel:loop closed
[11.856s] DEBUG:colcon.colcon_parallel_executor.executor.parallel:run_until_complete finished with '1'
[11.856s] DEBUG:colcon.colcon_core.event_reactor:joining thread
[11.908s] INFO:colcon.colcon_core.plugin_system:Skipping extension 'colcon_notification.desktop_notification.notify_send': Could not find 'notify-send'
[11.909s] INFO:colcon.colcon_core.plugin_system:Skipping extension 'colcon_notification.desktop_notification.terminal_notifier': Not used on non-Darwin systems
[11.909s] INFO:colcon.colcon_core.plugin_system:Skipping extension 'colcon_notification.desktop_notification.win32': Not used on non-Windows systems
[11.909s] INFO:colcon.colcon_notification.desktop_notification:Sending desktop notification using 'notify2'
[11.910s] DEBUG:colcon.colcon_notification.desktop_notification.notify2:Failed to initialize notify2: org.freedesktop.DBus.Error.ServiceUnknown: The name org.freedesktop.Notifications was not provided by any .service files
[11.910s] DEBUG:colcon.colcon_core.event_reactor:joined thread
[11.910s] INFO:colcon.colcon_core.shell:Creating prefix script '/home/xander/dev/ros2-demo/cpp_wkspc/install/local_setup.ps1'
[11.911s] INFO:colcon.colcon_core.shell:Creating prefix util module '/home/xander/dev/ros2-demo/cpp_wkspc/install/_local_setup_util_ps1.py'
[11.912s] INFO:colcon.colcon_core.shell:Creating prefix chain script '/home/xander/dev/ros2-demo/cpp_wkspc/install/setup.ps1'
[11.912s] INFO:colcon.colcon_core.shell:Creating prefix script '/home/xander/dev/ros2-demo/cpp_wkspc/install/local_setup.sh'
[11.913s] INFO:colcon.colcon_core.shell:Creating prefix util module '/home/xander/dev/ros2-demo/cpp_wkspc/install/_local_setup_util_sh.py'
[11.913s] INFO:colcon.colcon_core.shell:Creating prefix chain script '/home/xander/dev/ros2-demo/cpp_wkspc/install/setup.sh'
[11.914s] INFO:colcon.colcon_core.shell:Creating prefix script '/home/xander/dev/ros2-demo/cpp_wkspc/install/local_setup.bash'
[11.914s] INFO:colcon.colcon_core.shell:Creating prefix chain script '/home/xander/dev/ros2-demo/cpp_wkspc/install/setup.bash'
[11.915s] INFO:colcon.colcon_core.shell:Creating prefix script '/home/xander/dev/ros2-demo/cpp_wkspc/install/local_setup.zsh'
[11.915s] INFO:colcon.colcon_core.shell:Creating prefix chain script '/home/xander/dev/ros2-demo/cpp_wkspc/install/setup.zsh'
