[0.008s] Invoking command in '/home/xander/dev/ros2-demo/cpp_wkspc/build/cpp_wkspc': CMAKE_PREFIX_PATH=/opt/ros/iron /usr/bin/cmake /home/xander/dev/ros2-demo/cpp_wkspc -DAMENT_CMAKE_SYMLINK_INSTALL=1 -DCMAKE_INSTALL_PREFIX=/home/xander/dev/ros2-demo/cpp_wkspc/install/cpp_wkspc
[0.217s] -- The C compiler identification is GNU 11.4.0
[0.870s] -- The CXX compiler identification is GNU 11.4.0
[1.343s] -- Detecting C compiler ABI info
[1.479s] -- Detecting C compiler ABI info - done
[1.483s] -- Check for working C compiler: /usr/bin/cc - skipped
[1.484s] -- Detecting C compile features
[1.485s] -- Detecting C compile features - done
[1.487s] -- Detecting CXX compiler ABI info
[1.647s] -- Detecting CXX compiler ABI info - done
[1.651s] -- Check for working CXX compiler: /usr/bin/c++ - skipped
[1.651s] -- Detecting CXX compile features
[1.651s] -- Detecting CXX compile features - done
[1.658s] -- Found ament_cmake: 2.0.6 (/opt/ros/iron/share/ament_cmake/cmake)
[1.747s] -- Found Python3: /usr/bin/python3.10 (found version "3.10.12") found components: Interpreter 
[1.788s] -- Override CMake install command with custom implementation using symlinks instead of copying resources
[1.813s] -- Found rclcpp: 21.0.7 (/opt/ros/iron/share/rclcpp/cmake)
[2.045s] -- Found rosidl_generator_c: 4.0.1 (/opt/ros/iron/share/rosidl_generator_c/cmake)
[2.054s] -- Found rosidl_generator_cpp: 4.0.1 (/opt/ros/iron/share/rosidl_generator_cpp/cmake)
[2.070s] -- Using all available rosidl_typesupport_c: rosidl_typesupport_fastrtps_c;rosidl_typesupport_introspection_c
[2.086s] -- Using all available rosidl_typesupport_cpp: rosidl_typesupport_fastrtps_cpp;rosidl_typesupport_introspection_cpp
[2.193s] -- Found rmw_implementation_cmake: 7.1.0 (/opt/ros/iron/share/rmw_implementation_cmake/cmake)
[2.195s] -- Found rmw_fastrtps_cpp: 7.1.4 (/opt/ros/iron/share/rmw_fastrtps_cpp/cmake)
[4.257s] -- Found OpenSSL: /usr/lib/x86_64-linux-gnu/libcrypto.so (found version "3.0.2")  
[6.329s] -- Found FastRTPS: /opt/ros/iron/include  
[9.939s] -- Using RMW implementation 'rmw_fastrtps_cpp' as default
[10.045s] -- Found std_msgs: 5.0.1 (/opt/ros/iron/share/std_msgs/cmake)
[10.099s] [31mCMake Error at /opt/ros/iron/share/ament_cmake_core/cmake/core/ament_package_xml.cmake:53 (message):
[10.099s]   ament_package_xml() package name 'cpp_wkspc' in '/package.xml' does not
[10.099s]   match current PROJECT_NAME 'cpp_wkspc'.  You must call project() with the
[10.099s]   same package name before.
[10.099s] Call Stack (most recent call first):
[10.099s]   /opt/ros/iron/share/ament_cmake_core/cmake/core/ament_package.cmake:63 (ament_package_xml)
[10.099s]   CMakeLists.txt:24 (ament_package)
[10.099s] 
[10.100s] [0m
[10.100s] -- Configuring incomplete, errors occurred!
[10.100s] See also "/home/xander/dev/ros2-demo/cpp_wkspc/build/cpp_wkspc/CMakeFiles/CMakeOutput.log".
[10.106s] Invoked command in '/home/xander/dev/ros2-demo/cpp_wkspc/build/cpp_wkspc' returned '1': CMAKE_PREFIX_PATH=/opt/ros/iron /usr/bin/cmake /home/xander/dev/ros2-demo/cpp_wkspc -DAMENT_CMAKE_SYMLINK_INSTALL=1 -DCMAKE_INSTALL_PREFIX=/home/xander/dev/ros2-demo/cpp_wkspc/install/cpp_wkspc
